[0.00000] [Ошибка] /var/www/www-root/data/www/dealworld.shop/images/blog - (а также все поддиректории) - нет прав на чтение, запись и исполнение для всех пользователей (777)
[0.00124] [Ошибка] /var/www/www-root/data/www/dealworld.shop/design/backend - (а также все поддиректории) - нет прав на чтение, запись и исполнение для всех пользователей (777)
[0.00239] [Ошибка] /var/www/www-root/data/www/dealworld.shop/var/backups - (а также все поддиректории) - нет прав на чтение, запись и исполнение для всех пользователей (777)
[0.01052] [Ошибка] Конфигурация сервера не удовлетворяет системным требованиям. Свяжитесь с вашим системным администратором или службой поддержки хостинга для решения возникших проблем
[0.01091] [Ошибка] Для перечисленных ниже файлов и/или папок установлены неверные права доступа.
[0.00000] [Ошибка] /var/www/www-root/data/www/dealworld.shop/images/blog - (а также все поддиректории) - нет прав на чтение, запись и исполнение для всех пользователей (777)
[0.00138] [Ошибка] /var/www/www-root/data/www/dealworld.shop/design/backend - (а также все поддиректории) - нет прав на чтение, запись и исполнение для всех пользователей (777)
[0.00281] [Ошибка] /var/www/www-root/data/www/dealworld.shop/var/backups - (а также все поддиректории) - нет прав на чтение, запись и исполнение для всех пользователей (777)
[0.01499] [Ошибка] Конфигурация сервера не удовлетворяет системным требованиям. Свяжитесь с вашим системным администратором или службой поддержки хостинга для решения возникших проблем
[0.01553] [Ошибка] Для перечисленных ниже файлов и/или папок установлены неверные права доступа.
[0.00000] [Ошибка] /var/www/www-root/data/www/dealworld.shop/images/blog - (а также все поддиректории) - нет прав на чтение, запись и исполнение для всех пользователей (777)
[0.00119] [Ошибка] /var/www/www-root/data/www/dealworld.shop/design/backend - (а также все поддиректории) - нет прав на чтение, запись и исполнение для всех пользователей (777)
[0.00230] [Ошибка] /var/www/www-root/data/www/dealworld.shop/var/backups - (а также все поддиректории) - нет прав на чтение, запись и исполнение для всех пользователей (777)
[0.00996] [Ошибка] Конфигурация сервера не удовлетворяет системным требованиям. Свяжитесь с вашим системным администратором или службой поддержки хостинга для решения возникших проблем
[0.01033] [Ошибка] Для перечисленных ниже файлов и/или папок установлены неверные права доступа.
[0.00000] [Ошибка] /var/www/www-root/data/www/dealworld.shop/images/blog - (а также все поддиректории) - нет прав на чтение, запись и исполнение для всех пользователей (777)
[0.00148] [Ошибка] /var/www/www-root/data/www/dealworld.shop/design/backend - (а также все поддиректории) - нет прав на чтение, запись и исполнение для всех пользователей (777)
[0.00316] [Ошибка] /var/www/www-root/data/www/dealworld.shop/var/backups - (а также все поддиректории) - нет прав на чтение, запись и исполнение для всех пользователей (777)
[0.01342] [Ошибка] Конфигурация сервера не удовлетворяет системным требованиям. Свяжитесь с вашим системным администратором или службой поддержки хостинга для решения возникших проблем
[0.01385] [Ошибка] Для перечисленных ниже файлов и/или папок установлены неверные права доступа.
[0.00000] [Ошибка] /var/www/www-root/data/www/dealworld.shop/images/blog/1 - (а также все поддиректории) - нет прав на чтение, запись и исполнение для всех пользователей (777)
[0.00163] [Ошибка] /var/www/www-root/data/www/dealworld.shop/design/backend/css - (а также все поддиректории) - нет прав на чтение, запись и исполнение для всех пользователей (777)
[0.00327] [Ошибка] /var/www/www-root/data/www/dealworld.shop/var/conf - (а также все поддиректории) - нет прав на чтение, запись и исполнение для всех пользователей (777)
[0.01131] [Ошибка] Конфигурация сервера не удовлетворяет системным требованиям. Свяжитесь с вашим системным администратором или службой поддержки хостинга для решения возникших проблем
[0.01178] [Ошибка] Для перечисленных ниже файлов и/или папок установлены неверные права доступа.
[0.00000] [Ошибка] Не удалось исправить права доступа для директории /var/www/www-root/data/www/dealworld.shop/images/blog/1
[0.00199] [Ошибка] Не удалось исправить права доступа для директории /var/www/www-root/data/www/dealworld.shop/design/backend/css
[0.00398] [Ошибка] Не удалось исправить права доступа для директории /var/www/www-root/data/www/dealworld.shop/var/conf
[0.00798] [Ошибка] /var/www/www-root/data/www/dealworld.shop/images/blog/1 - (а также все поддиректории) - нет прав на чтение, запись и исполнение для всех пользователей (777)
[0.00987] [Ошибка] /var/www/www-root/data/www/dealworld.shop/design/backend/css - (а также все поддиректории) - нет прав на чтение, запись и исполнение для всех пользователей (777)
[0.01170] [Ошибка] /var/www/www-root/data/www/dealworld.shop/var/conf - (а также все поддиректории) - нет прав на чтение, запись и исполнение для всех пользователей (777)
[0.02085] [Ошибка] Конфигурация сервера не удовлетворяет системным требованиям. Свяжитесь с вашим системным администратором или службой поддержки хостинга для решения возникших проблем
[0.02125] [Ошибка] Для перечисленных ниже файлов и/или папок установлены неверные права доступа.
[0.00000] [Ошибка] Не удалось исправить права доступа для файла /var/www/www-root/data/www/dealworld.shop/images/blog/1/1.png
[0.00262] [Ошибка] Не удалось исправить права доступа для директории /var/www/www-root/data/www/dealworld.shop/design/backend/css/addons
[0.00460] [Ошибка] Не удалось исправить права доступа для директории /var/www/www-root/data/www/dealworld.shop/var/conf
[0.00941] [Ошибка] /var/www/www-root/data/www/dealworld.shop/images/blog/1/1.png - нет прав на чтение и запись (666)
[0.01201] [Ошибка] /var/www/www-root/data/www/dealworld.shop/design/backend/css/addons - (а также все поддиректории) - нет прав на чтение, запись и исполнение для всех пользователей (777)
[0.01381] [Ошибка] /var/www/www-root/data/www/dealworld.shop/var/conf - (а также все поддиректории) - нет прав на чтение, запись и исполнение для всех пользователей (777)
[0.02286] [Ошибка] Конфигурация сервера не удовлетворяет системным требованиям. Свяжитесь с вашим системным администратором или службой поддержки хостинга для решения возникших проблем
[0.02326] [Ошибка] Для перечисленных ниже файлов и/или папок установлены неверные права доступа.
[0.00000] [Ошибка] Не удалось исправить права доступа для файла /var/www/www-root/data/www/dealworld.shop/images/blog/1/1.png
[0.00469] [Ошибка] Не удалось исправить права доступа для директории /var/www/www-root/data/www/dealworld.shop/design/backend/css/addons
[0.00715] [Ошибка] Не удалось исправить права доступа для директории /var/www/www-root/data/www/dealworld.shop/var/conf
[0.01217] [Ошибка] /var/www/www-root/data/www/dealworld.shop/images/blog/1/1.png - нет прав на чтение и запись (666)
[0.01474] [Ошибка] /var/www/www-root/data/www/dealworld.shop/design/backend/css/addons - (а также все поддиректории) - нет прав на чтение, запись и исполнение для всех пользователей (777)
[0.01662] [Ошибка] /var/www/www-root/data/www/dealworld.shop/var/conf - (а также все поддиректории) - нет прав на чтение, запись и исполнение для всех пользователей (777)
[0.02574] [Ошибка] Конфигурация сервера не удовлетворяет системным требованиям. Свяжитесь с вашим системным администратором или службой поддержки хостинга для решения возникших проблем
[0.02620] [Ошибка] Для перечисленных ниже файлов и/или папок установлены неверные права доступа.
[0.00000] [Ошибка] Не удалось исправить права доступа для файла /var/www/www-root/data/www/dealworld.shop/images/blog/1/1.png
[0.00341] [Ошибка] Не удалось исправить права доступа для директории /var/www/www-root/data/www/dealworld.shop/design/backend/css/addons
[0.00505] [Ошибка] Не удалось исправить права доступа для директории /var/www/www-root/data/www/dealworld.shop/var/conf
[0.00927] [Ошибка] /var/www/www-root/data/www/dealworld.shop/images/blog/1/1.png - нет прав на чтение и запись (666)
[0.01154] [Ошибка] /var/www/www-root/data/www/dealworld.shop/design/backend/css/addons - (а также все поддиректории) - нет прав на чтение, запись и исполнение для всех пользователей (777)
[0.01303] [Ошибка] /var/www/www-root/data/www/dealworld.shop/var/conf - (а также все поддиректории) - нет прав на чтение, запись и исполнение для всех пользователей (777)
[0.02073] [Ошибка] Конфигурация сервера не удовлетворяет системным требованиям. Свяжитесь с вашим системным администратором или службой поддержки хостинга для решения возникших проблем
[0.02110] [Ошибка] Для перечисленных ниже файлов и/или папок установлены неверные права доступа.
[0.00000] [Ошибка] Не удалось исправить права доступа для файла /var/www/www-root/data/www/dealworld.shop/images/blog/1/1.png
[0.00347] [Ошибка] Не удалось исправить права доступа для директории /var/www/www-root/data/www/dealworld.shop/design/backend/css/addons
[0.00512] [Ошибка] Не удалось исправить права доступа для директории /var/www/www-root/data/www/dealworld.shop/var/conf
[0.00945] [Ошибка] /var/www/www-root/data/www/dealworld.shop/images/blog/1/1.png - нет прав на чтение и запись (666)
[0.01153] [Ошибка] /var/www/www-root/data/www/dealworld.shop/design/backend/css/addons - (а также все поддиректории) - нет прав на чтение, запись и исполнение для всех пользователей (777)
[0.01308] [Ошибка] /var/www/www-root/data/www/dealworld.shop/var/conf - (а также все поддиректории) - нет прав на чтение, запись и исполнение для всех пользователей (777)
[0.02110] [Ошибка] Конфигурация сервера не удовлетворяет системным требованиям. Свяжитесь с вашим системным администратором или службой поддержки хостинга для решения возникших проблем
[0.02145] [Ошибка] Для перечисленных ниже файлов и/или папок установлены неверные права доступа.
[0.00000] [Ошибка] Конфигурация сервера не удовлетворяет системным требованиям. Свяжитесь с вашим системным администратором или службой поддержки хостинга для решения возникших проблем
[0.00000] [Ошибка] Конфигурация сервера не удовлетворяет системным требованиям. Свяжитесь с вашим системным администратором или службой поддержки хостинга для решения возникших проблем
[0.00000] [Ошибка] Конфигурация сервера не удовлетворяет системным требованиям. Свяжитесь с вашим системным администратором или службой поддержки хостинга для решения возникших проблем
[0.00000] [Ошибка] Конфигурация сервера не удовлетворяет системным требованиям. Свяжитесь с вашим системным администратором или службой поддержки хостинга для решения возникших проблем
[0.00000] [Ошибка] Конфигурация сервера не удовлетворяет системным требованиям. Свяжитесь с вашим системным администратором или службой поддержки хостинга для решения возникших проблем
[0.00000] [Ошибка] Конфигурация сервера не удовлетворяет системным требованиям. Свяжитесь с вашим системным администратором или службой поддержки хостинга для решения возникших проблем
[0.00000] [Обратите внимание] Создание схемы базы данных
[0.97185] [Обратите внимание] Переадресация. Не обновляйте страницу!
[0.00000] [Обратите внимание] Импорт данных
[0.54383] [Обратите внимание] Переадресация. Не обновляйте страницу!
[0.00000] [Обратите внимание] Создание демо
[0.73366] [Обратите внимание] Переадресация. Не обновляйте страницу!
[0.00001] [Обратите внимание] Установка дополнительного языка ru
[0.41529] [Обратите внимание] Установка дополнительного языка ru
[0.78784] [Обратите внимание] Переадресация. Не обновляйте страницу!
[0.00000] [Обратите внимание] Установка дополнительного языка en
[0.40667] [Обратите внимание] Установка дополнительного языка en
[0.75031] [Обратите внимание] Переадресация. Не обновляйте страницу!
